<?xml version="1.0" encoding="UTF-8"?>
<testng-results ignored="0" total="1" passed="1" failed="0" skipped="0">
  <reporter-output>
  </reporter-output>
  <suite started-at="2023-07-10T08:05:20 EDT" name="Default suite" finished-at="2023-07-10T08:05:40 EDT" duration-ms="20496">
    <groups>
    </groups>
    <test started-at="2023-07-10T08:05:20 EDT" name="Default test" finished-at="2023-07-10T08:05:40 EDT" duration-ms="20496">
      <class name="scripts.TestCase3">
        <test-method is-config="true" signature="openApp()[pri:0, instance:scripts.TestCase3@3514a4c0]" started-at="2023-07-10T08:05:20 EDT" name="openApp" finished-at="2023-07-10T08:05:27 EDT" duration-ms="7003" status="PASS">
          <reporter-output>
          </reporter-output>
        </test-method> <!-- openApp -->
        <test-method signature="tc3()[pri:0, instance:scripts.TestCase3@3514a4c0]" started-at="2023-07-10T08:05:27 EDT" name="tc3" finished-at="2023-07-10T08:05:39 EDT" duration-ms="12621" status="PASS">
          <reporter-output>
          </reporter-output>
        </test-method> <!-- tc3 -->
        <test-method is-config="true" signature="closeApp(org.testng.ITestResult)[pri:0, instance:scripts.TestCase3@3514a4c0]" started-at="2023-07-10T08:05:39 EDT" name="closeApp" finished-at="2023-07-10T08:05:40 EDT" duration-ms="804" status="PASS">
          <params>
            <param index="0">
              <value>
                <![CDATA[[TestResult name=tc3 status=SUCCESS method=TestCase3.tc3()[pri:0, instance:scripts.TestCase3@3514a4c0] output={null}]]]>
              </value>
            </param>
          </params>
          <reporter-output>
          </reporter-output>
        </test-method> <!-- closeApp -->
      </class> <!-- scripts.TestCase3 -->
    </test> <!-- Default test -->
  </suite> <!-- Default suite -->
</testng-results>
